<?xml version="1.0" encoding="UTF-8"?>
<testng-results ignored="0" total="2" passed="2" failed="0" skipped="0">
  <reporter-output>
  </reporter-output>
  <suite started-at="2022-05-03T13:52:05 PDT" name="Suite" finished-at="2022-05-03T13:53:38 PDT" duration-ms="93414">
    <groups>
    </groups>
    <test started-at="2022-05-03T13:52:05 PDT" name="Validating User login" finished-at="2022-05-03T13:53:38 PDT" duration-ms="93414">
      <class name="Academy.HomePage">
        <test-method is-config="true" signature="initialize()[pri:0, instance:Academy.HomePage@3a4b0e5d]" started-at="2022-05-03T13:52:05 PDT" name="initialize" finished-at="2022-05-03T13:52:14 PDT" duration-ms="8838" status="PASS">
          <reporter-output>
          </reporter-output>
        </test-method> <!-- initialize -->
        <test-method signature="basePageNavigation(java.lang.String, java.lang.String)[pri:0, instance:Academy.HomePage@3a4b0e5d]" started-at="2022-05-03T13:52:14 PDT" name="basePageNavigation" data-provider="getData" finished-at="2022-05-03T13:53:00 PDT" duration-ms="46287" status="PASS">
          <params>
            <param index="0">
              <value>
                <![CDATA[nonrestricteduser@qw.com]]>
              </value>
            </param>
            <param index="1">
              <value>
                <![CDATA[123456]]>
              </value>
            </param>
          </params>
          <reporter-output>
          </reporter-output>
        </test-method> <!-- basePageNavigation -->
        <test-method is-config="true" signature="teardown()[pri:0, instance:Academy.HomePage@3a4b0e5d]" started-at="2022-05-03T13:53:00 PDT" name="teardown" finished-at="2022-05-03T13:53:00 PDT" duration-ms="211" status="PASS">
          <reporter-output>
          </reporter-output>
        </test-method> <!-- teardown -->
        <test-method is-config="true" signature="initialize()[pri:0, instance:Academy.HomePage@3a4b0e5d]" started-at="2022-05-03T13:53:00 PDT" name="initialize" finished-at="2022-05-03T13:53:02 PDT" duration-ms="2109" status="PASS">
          <reporter-output>
          </reporter-output>
        </test-method> <!-- initialize -->
        <test-method signature="basePageNavigation(java.lang.String, java.lang.String)[pri:0, instance:Academy.HomePage@3a4b0e5d]" started-at="2022-05-03T13:53:02 PDT" name="basePageNavigation" data-provider="getData" finished-at="2022-05-03T13:53:38 PDT" duration-ms="35780" status="PASS">
          <params>
            <param index="0">
              <value>
                <![CDATA[restricteduser@qw.com]]>
              </value>
            </param>
            <param index="1">
              <value>
                <![CDATA[1234]]>
              </value>
            </param>
          </params>
          <reporter-output>
          </reporter-output>
        </test-method> <!-- basePageNavigation -->
        <test-method is-config="true" signature="teardown()[pri:0, instance:Academy.HomePage@3a4b0e5d]" started-at="2022-05-03T13:53:38 PDT" name="teardown" finished-at="2022-05-03T13:53:38 PDT" duration-ms="126" status="PASS">
          <reporter-output>
          </reporter-output>
        </test-method> <!-- teardown -->
      </class> <!-- Academy.HomePage -->
    </test> <!-- Validating User login -->
  </suite> <!-- Suite -->
</testng-results>
