<?xml version="1.0" encoding="UTF-8"?>
<testng-results ignored="0" total="2" passed="2" failed="0" skipped="0">
  <reporter-output>
  </reporter-output>
  <suite started-at="2022-05-03T10:55:32 PDT" name="Suite" finished-at="2022-05-03T10:58:20 PDT" duration-ms="168108">
    <groups>
    </groups>
    <test started-at="2022-05-03T10:55:32 PDT" name="Validating User login" finished-at="2022-05-03T10:58:20 PDT" duration-ms="168108">
      <class name="Academy.HomePage">
        <test-method is-config="true" signature="initialize()[pri:0, instance:Academy.HomePage@344561e0]" started-at="2022-05-03T10:55:32 PDT" name="initialize" finished-at="2022-05-03T10:55:40 PDT" duration-ms="8117" status="PASS">
          <reporter-output>
          </reporter-output>
        </test-method> <!-- initialize -->
        <test-method signature="basePageNavigation(java.lang.String, java.lang.String)[pri:0, instance:Academy.HomePage@344561e0]" started-at="2022-05-03T10:55:40 PDT" name="basePageNavigation" data-provider="getData" finished-at="2022-05-03T10:56:19 PDT" duration-ms="39361" status="PASS">
          <params>
            <param index="0">
              <value>
                <![CDATA[nonrestricteduser@qw.com]]>
              </value>
            </param>
            <param index="1">
              <value>
                <![CDATA[123456]]>
              </value>
            </param>
          </params>
          <reporter-output>
          </reporter-output>
        </test-method> <!-- basePageNavigation -->
        <test-method is-config="true" signature="teardown()[pri:0, instance:Academy.HomePage@344561e0]" started-at="2022-05-03T10:56:19 PDT" name="teardown" finished-at="2022-05-03T10:56:20 PDT" duration-ms="164" status="PASS">
          <reporter-output>
          </reporter-output>
        </test-method> <!-- teardown -->
        <test-method is-config="true" signature="initialize()[pri:0, instance:Academy.HomePage@344561e0]" started-at="2022-05-03T10:56:20 PDT" name="initialize" finished-at="2022-05-03T10:56:21 PDT" duration-ms="1739" status="PASS">
          <reporter-output>
          </reporter-output>
        </test-method> <!-- initialize -->
        <test-method signature="basePageNavigation(java.lang.String, java.lang.String)[pri:0, instance:Academy.HomePage@344561e0]" started-at="2022-05-03T10:56:21 PDT" name="basePageNavigation" data-provider="getData" finished-at="2022-05-03T10:58:20 PDT" duration-ms="118453" status="PASS">
          <params>
            <param index="0">
              <value>
                <![CDATA[restricteduser@qw.com]]>
              </value>
            </param>
            <param index="1">
              <value>
                <![CDATA[1234]]>
              </value>
            </param>
          </params>
          <reporter-output>
          </reporter-output>
        </test-method> <!-- basePageNavigation -->
        <test-method is-config="true" signature="teardown()[pri:0, instance:Academy.HomePage@344561e0]" started-at="2022-05-03T10:58:20 PDT" name="teardown" finished-at="2022-05-03T10:58:20 PDT" duration-ms="205" status="PASS">
          <reporter-output>
          </reporter-output>
        </test-method> <!-- teardown -->
      </class> <!-- Academy.HomePage -->
    </test> <!-- Validating User login -->
  </suite> <!-- Suite -->
</testng-results>
